17:23:19 **** Clean-only build of configuration Debug for project PWM_IN_OUT2 ****
make clean 
rm -rf  ./GPIO_controle.o ./main.o  ./GPIO_controle.d ./main.d  PWM_IN_OUT2
 
17:36:23 **** Build of configuration Debug for project PWM_IN_OUT2 ****
make all 
Building file: ../GPIO_controle.cpp
Invoking: Cross G++ Compiler
arm-linux-gnueabihf-g++ -O0 -g3 -Wall -c -fmessage-length=0 -MMD -MP -MF"GPIO_controle.d" -MT"GPIO_controle.o" -o "GPIO_controle.o" "../GPIO_controle.cpp"
Finished building: ../GPIO_controle.cpp
 
Building file: ../main.cpp
Invoking: Cross G++ Compiler
arm-linux-gnueabihf-g++ -O0 -g3 -Wall -c -fmessage-length=0 -MMD -MP -MF"main.d" -MT"main.o" -o "main.o" "../main.cpp"
../main.cpp: In function ‘int main()’:
../main.cpp:23:6: warning: unused variable ‘val’ [-Wunused-variable]
  int val= 0;
      ^~~
Finished building: ../main.cpp
 
Building target: PWM_IN_OUT2
Invoking: Cross G++ Linker
arm-linux-gnueabihf-g++  -o "PWM_IN_OUT2"  ./GPIO_controle.o ./main.o   
Finished building target: PWM_IN_OUT2
 
17:36:34 **** Incremental Build of configuration Debug for project PWM_IN_OUT2 ****
make all 
make: Nothing to be done for `all'.
17:43:24 **** Incremental Build of configuration Debug for project PWM_IN_OUT2 ****
make all 
Building file: ../GPIO_controle.cpp
Invoking: Cross G++ Compiler
arm-linux-gnueabihf-g++ -O0 -g3 -Wall -c -fmessage-length=0 -MMD -MP -MF"GPIO_controle.d" -MT"GPIO_controle.o" -o "GPIO_controle.o" "../GPIO_controle.cpp"
Finished building: ../GPIO_controle.cpp
 
Building target: PWM_IN_OUT2
Invoking: Cross G++ Linker
arm-linux-gnueabihf-g++  -o "PWM_IN_OUT2"  ./GPIO_controle.o ./main.o   
Finished building target: PWM_IN_OUT2
 
17:43:39 **** Incremental Build of configuration Debug for project PWM_IN_OUT2 ****
make all 
make: Nothing to be done for `all'.
17:45:39 **** Incremental Build of configuration Debug for project PWM_IN_OUT2 ****
make all 
make: Nothing to be done for `all'.
17:46:30 **** Incremental Build of configuration Debug for project PWM_IN_OUT2 ****
make all 
make: Nothing to be done for `all'.
17:49:27 **** Incremental Build of configuration Debug for project PWM_IN_OUT2 ****
make all 
make: Nothing to be done for `all'.
17:50:06 **** Incremental Build of configuration Debug for project PWM_IN_OUT2 ****
make all 
make: Nothing to be done for `all'.
17:51:37 **** Incremental Build of configuration Debug for project PWM_IN_OUT2 ****
make all 
Building file: ../GPIO_controle.cpp
Invoking: Cross G++ Compiler
arm-linux-gnueabihf-g++ -O0 -g3 -Wall -c -fmessage-length=0 -MMD -MP -MF"GPIO_controle.d" -MT"GPIO_controle.o" -o "GPIO_controle.o" "../GPIO_controle.cpp"
Finished building: ../GPIO_controle.cpp
 
Building target: PWM_IN_OUT2
Invoking: Cross G++ Linker
arm-linux-gnueabihf-g++  -o "PWM_IN_OUT2"  ./GPIO_controle.o ./main.o   
Finished building target: PWM_IN_OUT2
 
17:51:41 **** Incremental Build of configuration Debug for project PWM_IN_OUT2 ****
make all 
make: Nothing to be done for `all'.
18:13:59 **** Incremental Build of configuration Debug for project PWM_IN_OUT2 ****
make all 
Building file: ../GPIO_controle.cpp
Invoking: Cross G++ Compiler
arm-linux-gnueabihf-g++ -O0 -g3 -Wall -c -fmessage-length=0 -MMD -MP -MF"GPIO_controle.d" -MT"GPIO_controle.o" -o "GPIO_controle.o" "../GPIO_controle.cpp"
Finished building: ../GPIO_controle.cpp
 
Building file: ../main.cpp
Invoking: Cross G++ Compiler
arm-linux-gnueabihf-g++ -O0 -g3 -Wall -c -fmessage-length=0 -MMD -MP -MF"main.d" -MT"main.o" -o "main.o" "../main.cpp"
../main.cpp: In function ‘int main()’:
../main.cpp:50:2: error: expected primary-expression before ‘/’ token
 */
  ^
../main.cpp:51:2: error: expected primary-expression before ‘return’
  return 0;
  ^~~~~~
make: *** [main.o] Error 1
18:14:18 **** Incremental Build of configuration Debug for project PWM_IN_OUT2 ****
make all 
Building file: ../main.cpp
Invoking: Cross G++ Compiler
arm-linux-gnueabihf-g++ -O0 -g3 -Wall -c -fmessage-length=0 -MMD -MP -MF"main.d" -MT"main.o" -o "main.o" "../main.cpp"
Finished building: ../main.cpp
 
Building target: PWM_IN_OUT2
Invoking: Cross G++ Linker
arm-linux-gnueabihf-g++  -o "PWM_IN_OUT2"  ./GPIO_controle.o ./main.o   
Finished building target: PWM_IN_OUT2
 
18:14:25 **** Incremental Build of configuration Debug for project PWM_IN_OUT2 ****
make all 
make: Nothing to be done for `all'.
18:18:01 **** Incremental Build of configuration Debug for project PWM_IN_OUT2 ****
make all 
Building file: ../main.cpp
Invoking: Cross G++ Compiler
arm-linux-gnueabihf-g++ -O0 -g3 -Wall -c -fmessage-length=0 -MMD -MP -MF"main.d" -MT"main.o" -o "main.o" "../main.cpp"
Finished building: ../main.cpp
 
Building target: PWM_IN_OUT2
Invoking: Cross G++ Linker
arm-linux-gnueabihf-g++  -o "PWM_IN_OUT2"  ./GPIO_controle.o ./main.o   
Finished building target: PWM_IN_OUT2
 
18:18:07 **** Incremental Build of configuration Debug for project PWM_IN_OUT2 ****
make all 
make: Nothing to be done for `all'.
18:19:04 **** Incremental Build of configuration Debug for project PWM_IN_OUT2 ****
make all 
Building file: ../GPIO_controle.cpp
Invoking: Cross G++ Compiler
arm-linux-gnueabihf-g++ -O0 -g3 -Wall -c -fmessage-length=0 -MMD -MP -MF"GPIO_controle.d" -MT"GPIO_controle.o" -o "GPIO_controle.o" "../GPIO_controle.cpp"
Finished building: ../GPIO_controle.cpp
 
Building target: PWM_IN_OUT2
Invoking: Cross G++ Linker
arm-linux-gnueabihf-g++  -o "PWM_IN_OUT2"  ./GPIO_controle.o ./main.o   
Finished building target: PWM_IN_OUT2
 
18:19:08 **** Incremental Build of configuration Debug for project PWM_IN_OUT2 ****
make all 
make: Nothing to be done for `all'.
18:27:51 **** Incremental Build of configuration Debug for project PWM_IN_OUT2 ****
make all 
Building file: ../GPIO_controle.cpp
Invoking: Cross G++ Compiler
arm-linux-gnueabihf-g++ -O0 -g3 -Wall -c -fmessage-length=0 -MMD -MP -MF"GPIO_controle.d" -MT"GPIO_controle.o" -o "GPIO_controle.o" "../GPIO_controle.cpp"
../GPIO_controle.cpp: In function ‘void set_direction(int, int)’:
../GPIO_controle.cpp:71:41: warning: format ‘%d’ expects a matching ‘int’ argument [-Wformat=]
   printf("   |-GPIO: %d is now an input");
                                         ^
../GPIO_controle.cpp:76:42: warning: format ‘%d’ expects a matching ‘int’ argument [-Wformat=]
   printf("   |-GPIO: %d is now an output");
                                          ^
Finished building: ../GPIO_controle.cpp
 
Building target: PWM_IN_OUT2
Invoking: Cross G++ Linker
arm-linux-gnueabihf-g++  -o "PWM_IN_OUT2"  ./GPIO_controle.o ./main.o   
Finished building target: PWM_IN_OUT2
 
18:27:54 **** Incremental Build of configuration Debug for project PWM_IN_OUT2 ****
make all 
Building file: ../main.cpp
Invoking: Cross G++ Compiler
arm-linux-gnueabihf-g++ -O0 -g3 -Wall -c -fmessage-length=0 -MMD -MP -MF"main.d" -MT"main.o" -o "main.o" "../main.cpp"
Finished building: ../main.cpp
 
Building target: PWM_IN_OUT2
Invoking: Cross G++ Linker
arm-linux-gnueabihf-g++  -o "PWM_IN_OUT2"  ./GPIO_controle.o ./main.o   
Finished building target: PWM_IN_OUT2
 
18:28:07 **** Incremental Build of configuration Debug for project PWM_IN_OUT2 ****
make all 
Building file: ../main.cpp
Invoking: Cross G++ Compiler
arm-linux-gnueabihf-g++ -O0 -g3 -Wall -c -fmessage-length=0 -MMD -MP -MF"main.d" -MT"main.o" -o "main.o" "../main.cpp"
Finished building: ../main.cpp
 
Building target: PWM_IN_OUT2
Invoking: Cross G++ Linker
arm-linux-gnueabihf-g++  -o "PWM_IN_OUT2"  ./GPIO_controle.o ./main.o   
Finished building target: PWM_IN_OUT2
 
18:28:13 **** Incremental Build of configuration Debug for project PWM_IN_OUT2 ****
make all 
make: Nothing to be done for `all'.
18:28:59 **** Incremental Build of configuration Debug for project PWM_IN_OUT2 ****
make all 
Building file: ../GPIO_controle.cpp
Invoking: Cross G++ Compiler
arm-linux-gnueabihf-g++ -O0 -g3 -Wall -c -fmessage-length=0 -MMD -MP -MF"GPIO_controle.d" -MT"GPIO_controle.o" -o "GPIO_controle.o" "../GPIO_controle.cpp"
../GPIO_controle.cpp: In function ‘void set_direction(int, int)’:
../GPIO_controle.cpp:71:43: warning: format ‘%d’ expects a matching ‘int’ argument [-Wformat=]
   printf("   |-GPIO: %d is now an input\n");
                                           ^
../GPIO_controle.cpp:76:44: warning: format ‘%d’ expects a matching ‘int’ argument [-Wformat=]
   printf("   |-GPIO: %d is now an output\n");
                                            ^
Finished building: ../GPIO_controle.cpp
 
Building target: PWM_IN_OUT2
Invoking: Cross G++ Linker
arm-linux-gnueabihf-g++  -o "PWM_IN_OUT2"  ./GPIO_controle.o ./main.o   
Finished building target: PWM_IN_OUT2
 
18:29:20 **** Incremental Build of configuration Debug for project PWM_IN_OUT2 ****
make all 
Building file: ../GPIO_controle.cpp
Invoking: Cross G++ Compiler
arm-linux-gnueabihf-g++ -O0 -g3 -Wall -c -fmessage-length=0 -MMD -MP -MF"GPIO_controle.d" -MT"GPIO_controle.o" -o "GPIO_controle.o" "../GPIO_controle.cpp"
Finished building: ../GPIO_controle.cpp
 
Building target: PWM_IN_OUT2
Invoking: Cross G++ Linker
arm-linux-gnueabihf-g++  -o "PWM_IN_OUT2"  ./GPIO_controle.o ./main.o   
Finished building target: PWM_IN_OUT2
 
18:29:24 **** Incremental Build of configuration Debug for project PWM_IN_OUT2 ****
make all 
make: Nothing to be done for `all'.
18:32:04 **** Incremental Build of configuration Debug for project PWM_IN_OUT2 ****
make all 
Building file: ../GPIO_controle.cpp
Invoking: Cross G++ Compiler
arm-linux-gnueabihf-g++ -O0 -g3 -Wall -c -fmessage-length=0 -MMD -MP -MF"GPIO_controle.d" -MT"GPIO_controle.o" -o "GPIO_controle.o" "../GPIO_controle.cpp"
Finished building: ../GPIO_controle.cpp
 
Building target: PWM_IN_OUT2
Invoking: Cross G++ Linker
arm-linux-gnueabihf-g++  -o "PWM_IN_OUT2"  ./GPIO_controle.o ./main.o   
Finished building target: PWM_IN_OUT2
 
18:32:11 **** Incremental Build of configuration Debug for project PWM_IN_OUT2 ****
make all 
Building file: ../main.cpp
Invoking: Cross G++ Compiler
arm-linux-gnueabihf-g++ -O0 -g3 -Wall -c -fmessage-length=0 -MMD -MP -MF"main.d" -MT"main.o" -o "main.o" "../main.cpp"
Finished building: ../main.cpp
 
Building target: PWM_IN_OUT2
Invoking: Cross G++ Linker
arm-linux-gnueabihf-g++  -o "PWM_IN_OUT2"  ./GPIO_controle.o ./main.o   
Finished building target: PWM_IN_OUT2
 
18:32:26 **** Incremental Build of configuration Debug for project PWM_IN_OUT2 ****
make all 
make: Nothing to be done for `all'.
17:23:28 **** Build of configuration Debug for project CAN ****
make all 
Building file: ../main.c
Invoking: Cross GCC Compiler
arm-linux-gnueabihf-gcc -O0 -g3 -Wall -c -fmessage-length=0 -MMD -MP -MF"main.d" -MT"main.o" -o "main.o" "../main.c"
../main.c: In function ‘main’:
../main.c:40:41: error: ‘struct ifreq’ has no member named ‘ifr_index’; did you mean ‘ifr_ifrn’?
  printf("%s at index %d\n", ifname, ifr.ifr_index);
                                         ^~~~~~~~~
                                         ifr_ifrn
make: *** [main.o] Error 1
17:24:28 **** Incremental Build of configuration Debug for project CAN ****
make all 
Building file: ../main.c
Invoking: Cross GCC Compiler
arm-linux-gnueabihf-gcc -O0 -g3 -Wall -c -fmessage-length=0 -MMD -MP -MF"main.d" -MT"main.o" -o "main.o" "../main.c"
Finished building: ../main.c
 
Building target: CAN
Invoking: Cross GCC Linker
arm-linux-gnueabihf-gcc  -o "CAN"  ./main.o   
Finished building target: CAN
 
17:26:54 **** Incremental Build of configuration Debug for project CAN ****
make all 
make: Nothing to be done for `all'.
17:27:17 **** Incremental Build of configuration Debug for project CAN ****
make all 
make: Nothing to be done for `all'.
17:36:12 **** Incremental Build of configuration Debug for project CAN ****
make all 
Building file: ../main.c
Invoking: Cross GCC Compiler
arm-linux-gnueabihf-gcc -O0 -g3 -Wall -c -fmessage-length=0 -MMD -MP -MF"main.d" -MT"main.o" -o "main.o" "../main.c"
Finished building: ../main.c
 
Building target: CAN
Invoking: Cross GCC Linker
arm-linux-gnueabihf-gcc  -o "CAN"  ./main.o   
Finished building target: CAN
 
17:36:18 **** Incremental Build of configuration Debug for project CAN ****
make all 
make: Nothing to be done for `all'.
